<?xml version="1.0" encoding="UTF-8"?>
<!-- Generated by org.testng.reporters.JUnitReportReporter -->
<testsuite hostname="DESKTOP-83405C6" failures="0" tests="3" name="testNG.day3" time="0.004" errors="0" timestamp="2022-10-09T19:03:36 IST" skipped="0">
  <testcase classname="testNG.day3" name="weblogincarloan" time="0.000"/>
  <system-out/>
  <testcase classname="testNG.day3" name="mobilelogincarloan" time="0.002"/>
  <system-out/>
  <testcase classname="testNG.day3" name="apilogincarloan" time="0.002"/>
  <system-out/>
</testsuite> <!-- testNG.day3 -->
