<?xml version="1.0" encoding="UTF-8"?>
<!-- Generated by org.testng.reporters.JUnitReportReporter -->
<testsuite hostname="DESKTOP-83405C6" failures="0" tests="1" name="testNG.Day1" time="0.005" errors="0" timestamp="2022-10-09T19:03:36 IST" skipped="0">
  <testcase classname="testNG.Day1" name="demo" time="0.005"/>
  <system-out/>
</testsuite> <!-- testNG.Day1 -->
