<?xml version="1.0" encoding="UTF-8"?>
<!-- Generated by org.testng.reporters.JUnitReportReporter -->
<testsuite hostname="DESKTOP-83405C6" failures="0" tests="2" name="testNG.Demo" time="0.001" errors="0" timestamp="2022-10-09T19:03:36 IST" skipped="1">
  <testcase classname="testNG.Demo" name="secondTest" time="0.001"/>
  <system-out/>
  <testcase classname="testNG.Demo" name="firstTest">
    <skipped/>
  </testcase> <!-- firstTest -->
  <system-out/>
</testsuite> <!-- testNG.Demo -->
