<?xml version="1.0" encoding="UTF-8"?>
<!-- Generated by org.testng.reporters.JUnitReportReporter -->
<testsuite hostname="DESKTOP-83405C6" failures="0" tests="2" name="testNG.NewTest" time="0.004" errors="0" timestamp="2022-10-09T19:03:36 IST" skipped="0">
  <testcase classname="testNG.NewTest" name="Test" time="0.002"/>
  <system-out/>
  <testcase classname="testNG.NewTest" name="Test1" time="0.002"/>
  <system-out/>
</testsuite> <!-- testNG.NewTest -->
